<?xml version="1.0" encoding="UTF-8"?>
<!-- Generated by org.testng.reporters.JUnitReportReporter -->
<testsuite hostname="DHARMENDRAS-PC" name="test.java.NewTest" tests="1" failures="0" timestamp="18 Dec 2016 08:09:36 GMT" time="0.015" errors="0">
  <testcase name="f" time="0.015" classname="test.java.NewTest"/>
</testsuite> <!-- test.java.NewTest -->
