<?xml version="1.0" encoding="UTF-8"?>
<!-- Generated by org.testng.reporters.JUnitReportReporter -->
<testsuite hostname="DHARMENDRAS-PC" name="test.java.NewTest" tests="1" failures="0" timestamp="19 Dec 2016 10:17:27 GMT" time="0.022" errors="0">
  <testcase name="f" time="0.022" classname="test.java.NewTest"/>
</testsuite> <!-- test.java.NewTest -->
